[2025-07-21T23:33:21.827Z] SqliteError: duplicate column name: datetime
SqliteError: duplicate column name: datetime
    at Database.exec (/Users/araschsaffari/code/cursor/wood-one-live/node_modules/.pnpm/better-sqlite3@12.2.0/node_modules/better-sqlite3/lib/methods/wrappers.js:9:14)
    at runMigrations (/Users/araschsaffari/code/cursor/wood-one-live/scripts/run-migrations.ts:10:10)
    at db (/Users/araschsaffari/code/cursor/wood-one-live/scripts/run-migrations.ts:43:1)
    at Object.<anonymous> (/Users/araschsaffari/code/cursor/wood-one-live/scripts/run-migrations.ts:45:63)
    at Module._compile (node:internal/modules/cjs/loader:1529:14)
    at Object.transformer (/opt/homebrew/lib/node_modules/tsx/dist/register-D46fvsV_.cjs:3:1104)
    at Module.load (node:internal/modules/cjs/loader:1275:32)
    at Module._load (node:internal/modules/cjs/loader:1096:12)
    at cjsLoader (node:internal/modules/esm/translators:298:15)
    at ModuleWrap.<anonymous> (node:internal/modules/esm/translators:240:7)

[2025-07-21T23:33:21.832Z] SqliteError: duplicate column name: datetime
SqliteError: duplicate column name: datetime
    at Database.exec (/Users/araschsaffari/code/cursor/wood-one-live/node_modules/.pnpm/better-sqlite3@12.2.0/node_modules/better-sqlite3/lib/methods/wrappers.js:9:14)
    at runMigrations (/Users/araschsaffari/code/cursor/wood-one-live/scripts/run-migrations.ts:10:10)
    at db (/Users/araschsaffari/code/cursor/wood-one-live/scripts/run-migrations.ts:43:1)
    at Object.<anonymous> (/Users/araschsaffari/code/cursor/wood-one-live/scripts/run-migrations.ts:45:63)
    at Module._compile (node:internal/modules/cjs/loader:1529:14)
    at Object.transformer (/opt/homebrew/lib/node_modules/tsx/dist/register-D46fvsV_.cjs:3:1104)
    at Module.load (node:internal/modules/cjs/loader:1275:32)
    at Module._load (node:internal/modules/cjs/loader:1096:12)
    at cjsLoader (node:internal/modules/esm/translators:298:15)
    at ModuleWrap.<anonymous> (node:internal/modules/esm/translators:240:7)

[2025-07-22T00:03:19.018Z] ExternalApiError: Failed to fetch weather after retries
ExternalApiError: Failed to fetch weather after retries
    at Module.fetchWeather (/Users/araschsaffari/code/cursor/wood-one-live/lib/weather.ts:33:18)
    at /Users/araschsaffari/code/cursor/wood-one-live/lib/weather.test.ts:35:5
    at runTest (file:///Users/araschsaffari/code/cursor/wood-one-live/node_modules/.pnpm/@vitest+runner@1.6.1/node_modules/@vitest/runner/dist/index.js:781:11)
    at runSuite (file:///Users/araschsaffari/code/cursor/wood-one-live/node_modules/.pnpm/@vitest+runner@1.6.1/node_modules/@vitest/runner/dist/index.js:909:15)
    at runSuite (file:///Users/araschsaffari/code/cursor/wood-one-live/node_modules/.pnpm/@vitest+runner@1.6.1/node_modules/@vitest/runner/dist/index.js:909:15)
    at runFiles (file:///Users/araschsaffari/code/cursor/wood-one-live/node_modules/.pnpm/@vitest+runner@1.6.1/node_modules/@vitest/runner/dist/index.js:958:5)
    at startTests (file:///Users/araschsaffari/code/cursor/wood-one-live/node_modules/.pnpm/@vitest+runner@1.6.1/node_modules/@vitest/runner/dist/index.js:967:3)
    at file:///Users/araschsaffari/code/cursor/wood-one-live/node_modules/.pnpm/vitest@1.6.1_@types+node@22.16.5_jsdom@26.1.0/node_modules/vitest/dist/chunks/runtime-runBaseTests.oAvMKtQC.js:116:7
    at withEnv (file:///Users/araschsaffari/code/cursor/wood-one-live/node_modules/.pnpm/vitest@1.6.1_@types+node@22.16.5_jsdom@26.1.0/node_modules/vitest/dist/chunks/runtime-runBaseTests.oAvMKtQC.js:83:5)
    at run (file:///Users/araschsaffari/code/cursor/wood-one-live/node_modules/.pnpm/vitest@1.6.1_@types+node@22.16.5_jsdom@26.1.0/node_modules/vitest/dist/chunks/runtime-runBaseTests.oAvMKtQC.js:105:3)

[2025-07-22T00:03:22.047Z] ExternalApiError: Failed to fetch weather after retries
ExternalApiError: Failed to fetch weather after retries
    at Module.fetchWeather (/Users/araschsaffari/code/cursor/wood-one-live/lib/weather.ts:33:18)
    at /Users/araschsaffari/code/cursor/wood-one-live/lib/weather.test.ts:40:5
    at runTest (file:///Users/araschsaffari/code/cursor/wood-one-live/node_modules/.pnpm/@vitest+runner@1.6.1/node_modules/@vitest/runner/dist/index.js:781:11)
    at runSuite (file:///Users/araschsaffari/code/cursor/wood-one-live/node_modules/.pnpm/@vitest+runner@1.6.1/node_modules/@vitest/runner/dist/index.js:909:15)
    at runSuite (file:///Users/araschsaffari/code/cursor/wood-one-live/node_modules/.pnpm/@vitest+runner@1.6.1/node_modules/@vitest/runner/dist/index.js:909:15)
    at runFiles (file:///Users/araschsaffari/code/cursor/wood-one-live/node_modules/.pnpm/@vitest+runner@1.6.1/node_modules/@vitest/runner/dist/index.js:958:5)
    at startTests (file:///Users/araschsaffari/code/cursor/wood-one-live/node_modules/.pnpm/@vitest+runner@1.6.1/node_modules/@vitest/runner/dist/index.js:967:3)
    at file:///Users/araschsaffari/code/cursor/wood-one-live/node_modules/.pnpm/vitest@1.6.1_@types+node@22.16.5_jsdom@26.1.0/node_modules/vitest/dist/chunks/runtime-runBaseTests.oAvMKtQC.js:116:7
    at withEnv (file:///Users/araschsaffari/code/cursor/wood-one-live/node_modules/.pnpm/vitest@1.6.1_@types+node@22.16.5_jsdom@26.1.0/node_modules/vitest/dist/chunks/runtime-runBaseTests.oAvMKtQC.js:83:5)
    at run (file:///Users/araschsaffari/code/cursor/wood-one-live/node_modules/.pnpm/vitest@1.6.1_@types+node@22.16.5_jsdom@26.1.0/node_modules/vitest/dist/chunks/runtime-runBaseTests.oAvMKtQC.js:105:3)

